[0.728s] Invoking command in '/home/luke/Haptics-Sim/src/webots_pkg': PYTHONPATH=/home/luke/Haptics-Sim/build/webots_pkg/prefix_override:/home/luke/Haptics-Sim/install/webots_pkg/lib/python3.8/site-packages:${PYTHONPATH} /usr/bin/python3 setup.py egg_info --egg-base ../../build/webots_pkg build --build-base /home/luke/Haptics-Sim/build/webots_pkg/build install --record /home/luke/Haptics-Sim/build/webots_pkg/install.log --single-version-externally-managed
[0.969s] running egg_info
[0.970s] writing ../../build/webots_pkg/webots_pkg.egg-info/PKG-INFO
[0.970s] writing dependency_links to ../../build/webots_pkg/webots_pkg.egg-info/dependency_links.txt
[0.970s] writing entry points to ../../build/webots_pkg/webots_pkg.egg-info/entry_points.txt
[0.970s] writing requirements to ../../build/webots_pkg/webots_pkg.egg-info/requires.txt
[0.971s] writing top-level names to ../../build/webots_pkg/webots_pkg.egg-info/top_level.txt
[1.004s] reading manifest file '../../build/webots_pkg/webots_pkg.egg-info/SOURCES.txt'
[1.006s] writing manifest file '../../build/webots_pkg/webots_pkg.egg-info/SOURCES.txt'
[1.006s] running build
[1.006s] running build_py
[1.006s] copying webots_pkg/crazyflie_follower_right.py -> /home/luke/Haptics-Sim/build/webots_pkg/build/lib/webots_pkg
[1.007s] running install
[1.008s] running install_lib
[1.009s] copying /home/luke/Haptics-Sim/build/webots_pkg/build/lib/webots_pkg/crazyflie_follower_right.py -> /home/luke/Haptics-Sim/install/webots_pkg/lib/python3.8/site-packages/webots_pkg
[1.010s] byte-compiling /home/luke/Haptics-Sim/install/webots_pkg/lib/python3.8/site-packages/webots_pkg/crazyflie_follower_right.py to crazyflie_follower_right.cpython-38.pyc
[1.013s] running install_data
[1.013s] copying launch/swarm_launch.py -> /home/luke/Haptics-Sim/install/webots_pkg/share/webots_pkg/launch/
[1.014s] copying worlds/test_env.wbt -> /home/luke/Haptics-Sim/install/webots_pkg/share/webots_pkg/worlds/
[1.014s] running install_egg_info
[1.017s] removing '/home/luke/Haptics-Sim/install/webots_pkg/lib/python3.8/site-packages/webots_pkg-0.0.0-py3.8.egg-info' (and everything under it)
[1.018s] Copying ../../build/webots_pkg/webots_pkg.egg-info to /home/luke/Haptics-Sim/install/webots_pkg/lib/python3.8/site-packages/webots_pkg-0.0.0-py3.8.egg-info
[1.018s] running install_scripts
[1.037s] Installing cf_supervisor script to /home/luke/Haptics-Sim/install/webots_pkg/lib/webots_pkg
[1.037s] Installing crazyflie_controller script to /home/luke/Haptics-Sim/install/webots_pkg/lib/webots_pkg
[1.037s] Installing crazyflie_follower_left script to /home/luke/Haptics-Sim/install/webots_pkg/lib/webots_pkg
[1.037s] Installing crazyflie_follower_right script to /home/luke/Haptics-Sim/install/webots_pkg/lib/webots_pkg
[1.038s] Installing crazyflie_leader script to /home/luke/Haptics-Sim/install/webots_pkg/lib/webots_pkg
[1.038s] Installing potential_field script to /home/luke/Haptics-Sim/install/webots_pkg/lib/webots_pkg
[1.038s] Installing simple_mapper script to /home/luke/Haptics-Sim/install/webots_pkg/lib/webots_pkg
[1.038s] Installing webots_pkg_driver script to /home/luke/Haptics-Sim/install/webots_pkg/lib/webots_pkg
[1.039s] writing list of installed files to '/home/luke/Haptics-Sim/build/webots_pkg/install.log'
[1.063s] Invoked command in '/home/luke/Haptics-Sim/src/webots_pkg' returned '0': PYTHONPATH=/home/luke/Haptics-Sim/build/webots_pkg/prefix_override:/home/luke/Haptics-Sim/install/webots_pkg/lib/python3.8/site-packages:${PYTHONPATH} /usr/bin/python3 setup.py egg_info --egg-base ../../build/webots_pkg build --build-base /home/luke/Haptics-Sim/build/webots_pkg/build install --record /home/luke/Haptics-Sim/build/webots_pkg/install.log --single-version-externally-managed
