[0.798s] Invoking command in '/home/luke/Haptics-Sim/src/webots_pkg': PYTHONPATH=/home/luke/Haptics-Sim/build/webots_pkg/prefix_override:/home/luke/Haptics-Sim/install/webots_pkg/lib/python3.8/site-packages:${PYTHONPATH} /usr/bin/python3 setup.py egg_info --egg-base ../../build/webots_pkg build --build-base /home/luke/Haptics-Sim/build/webots_pkg/build install --record /home/luke/Haptics-Sim/build/webots_pkg/install.log --single-version-externally-managed
[1.044s] running egg_info
[1.045s] writing ../../build/webots_pkg/webots_pkg.egg-info/PKG-INFO
[1.046s] writing dependency_links to ../../build/webots_pkg/webots_pkg.egg-info/dependency_links.txt
[1.046s] writing entry points to ../../build/webots_pkg/webots_pkg.egg-info/entry_points.txt
[1.046s] writing requirements to ../../build/webots_pkg/webots_pkg.egg-info/requires.txt
[1.046s] writing top-level names to ../../build/webots_pkg/webots_pkg.egg-info/top_level.txt
[1.081s] reading manifest file '../../build/webots_pkg/webots_pkg.egg-info/SOURCES.txt'
[1.083s] writing manifest file '../../build/webots_pkg/webots_pkg.egg-info/SOURCES.txt'
[1.083s] running build
[1.083s] running build_py
[1.083s] copying webots_pkg/crazyflie_leader.py -> /home/luke/Haptics-Sim/build/webots_pkg/build/lib/webots_pkg
[1.084s] running install
[1.085s] running install_lib
[1.087s] copying /home/luke/Haptics-Sim/build/webots_pkg/build/lib/webots_pkg/crazyflie_leader.py -> /home/luke/Haptics-Sim/install/webots_pkg/lib/python3.8/site-packages/webots_pkg
[1.088s] byte-compiling /home/luke/Haptics-Sim/install/webots_pkg/lib/python3.8/site-packages/webots_pkg/crazyflie_leader.py to crazyflie_leader.cpython-38.pyc
[1.091s] running install_data
[1.092s] running install_egg_info
[1.094s] removing '/home/luke/Haptics-Sim/install/webots_pkg/lib/python3.8/site-packages/webots_pkg-0.0.0-py3.8.egg-info' (and everything under it)
[1.095s] Copying ../../build/webots_pkg/webots_pkg.egg-info to /home/luke/Haptics-Sim/install/webots_pkg/lib/python3.8/site-packages/webots_pkg-0.0.0-py3.8.egg-info
[1.096s] running install_scripts
[1.114s] Installing cf_supervisor script to /home/luke/Haptics-Sim/install/webots_pkg/lib/webots_pkg
[1.114s] Installing crazyflie_controller script to /home/luke/Haptics-Sim/install/webots_pkg/lib/webots_pkg
[1.114s] Installing crazyflie_follower_left script to /home/luke/Haptics-Sim/install/webots_pkg/lib/webots_pkg
[1.114s] Installing crazyflie_follower_right script to /home/luke/Haptics-Sim/install/webots_pkg/lib/webots_pkg
[1.114s] Installing crazyflie_leader script to /home/luke/Haptics-Sim/install/webots_pkg/lib/webots_pkg
[1.115s] Installing potential_field script to /home/luke/Haptics-Sim/install/webots_pkg/lib/webots_pkg
[1.115s] Installing serial_communication script to /home/luke/Haptics-Sim/install/webots_pkg/lib/webots_pkg
[1.115s] Installing simple_mapper script to /home/luke/Haptics-Sim/install/webots_pkg/lib/webots_pkg
[1.115s] Installing webots_pkg_driver script to /home/luke/Haptics-Sim/install/webots_pkg/lib/webots_pkg
[1.116s] writing list of installed files to '/home/luke/Haptics-Sim/build/webots_pkg/install.log'
[1.141s] Invoked command in '/home/luke/Haptics-Sim/src/webots_pkg' returned '0': PYTHONPATH=/home/luke/Haptics-Sim/build/webots_pkg/prefix_override:/home/luke/Haptics-Sim/install/webots_pkg/lib/python3.8/site-packages:${PYTHONPATH} /usr/bin/python3 setup.py egg_info --egg-base ../../build/webots_pkg build --build-base /home/luke/Haptics-Sim/build/webots_pkg/build install --record /home/luke/Haptics-Sim/build/webots_pkg/install.log --single-version-externally-managed
