[0.778s] Invoking command in '/home/luke/Haptics-Sim/src/webots_pkg': PYTHONPATH=/home/luke/Haptics-Sim/build/webots_pkg/prefix_override:/home/luke/Haptics-Sim/install/webots_pkg/lib/python3.8/site-packages:${PYTHONPATH} /usr/bin/python3 setup.py egg_info --egg-base ../../build/webots_pkg build --build-base /home/luke/Haptics-Sim/build/webots_pkg/build install --record /home/luke/Haptics-Sim/build/webots_pkg/install.log --single-version-externally-managed
[1.026s] running egg_info
[1.027s] writing ../../build/webots_pkg/webots_pkg.egg-info/PKG-INFO
[1.028s] writing dependency_links to ../../build/webots_pkg/webots_pkg.egg-info/dependency_links.txt
[1.029s] writing entry points to ../../build/webots_pkg/webots_pkg.egg-info/entry_points.txt
[1.029s] writing requirements to ../../build/webots_pkg/webots_pkg.egg-info/requires.txt
[1.029s] writing top-level names to ../../build/webots_pkg/webots_pkg.egg-info/top_level.txt
[1.063s] reading manifest file '../../build/webots_pkg/webots_pkg.egg-info/SOURCES.txt'
[1.065s] writing manifest file '../../build/webots_pkg/webots_pkg.egg-info/SOURCES.txt'
[1.065s] running build
[1.065s] running build_py
[1.066s] running install
[1.067s] running install_lib
[1.068s] copying /home/luke/Haptics-Sim/build/webots_pkg/build/lib/webots_pkg/crazyflie_follower_left.py -> /home/luke/Haptics-Sim/install/webots_pkg/lib/python3.8/site-packages/webots_pkg
[1.068s] copying /home/luke/Haptics-Sim/build/webots_pkg/build/lib/webots_pkg/crazyflie_follower_right.py -> /home/luke/Haptics-Sim/install/webots_pkg/lib/python3.8/site-packages/webots_pkg
[1.069s] byte-compiling /home/luke/Haptics-Sim/install/webots_pkg/lib/python3.8/site-packages/webots_pkg/crazyflie_follower_left.py to crazyflie_follower_left.cpython-38.pyc
[1.072s] byte-compiling /home/luke/Haptics-Sim/install/webots_pkg/lib/python3.8/site-packages/webots_pkg/crazyflie_follower_right.py to crazyflie_follower_right.cpython-38.pyc
[1.074s] running install_data
[1.075s] running install_egg_info
[1.077s] removing '/home/luke/Haptics-Sim/install/webots_pkg/lib/python3.8/site-packages/webots_pkg-0.0.0-py3.8.egg-info' (and everything under it)
[1.077s] Copying ../../build/webots_pkg/webots_pkg.egg-info to /home/luke/Haptics-Sim/install/webots_pkg/lib/python3.8/site-packages/webots_pkg-0.0.0-py3.8.egg-info
[1.078s] running install_scripts
[1.096s] Installing cf_supervisor script to /home/luke/Haptics-Sim/install/webots_pkg/lib/webots_pkg
[1.096s] Installing crazyflie_controller script to /home/luke/Haptics-Sim/install/webots_pkg/lib/webots_pkg
[1.096s] Installing crazyflie_follower_left script to /home/luke/Haptics-Sim/install/webots_pkg/lib/webots_pkg
[1.097s] Installing crazyflie_follower_right script to /home/luke/Haptics-Sim/install/webots_pkg/lib/webots_pkg
[1.097s] Installing crazyflie_leader script to /home/luke/Haptics-Sim/install/webots_pkg/lib/webots_pkg
[1.097s] Installing potential_field script to /home/luke/Haptics-Sim/install/webots_pkg/lib/webots_pkg
[1.097s] Installing serial_communication script to /home/luke/Haptics-Sim/install/webots_pkg/lib/webots_pkg
[1.097s] Installing simple_mapper script to /home/luke/Haptics-Sim/install/webots_pkg/lib/webots_pkg
[1.097s] Installing webots_pkg_driver script to /home/luke/Haptics-Sim/install/webots_pkg/lib/webots_pkg
[1.098s] writing list of installed files to '/home/luke/Haptics-Sim/build/webots_pkg/install.log'
[1.124s] Invoked command in '/home/luke/Haptics-Sim/src/webots_pkg' returned '0': PYTHONPATH=/home/luke/Haptics-Sim/build/webots_pkg/prefix_override:/home/luke/Haptics-Sim/install/webots_pkg/lib/python3.8/site-packages:${PYTHONPATH} /usr/bin/python3 setup.py egg_info --egg-base ../../build/webots_pkg build --build-base /home/luke/Haptics-Sim/build/webots_pkg/build install --record /home/luke/Haptics-Sim/build/webots_pkg/install.log --single-version-externally-managed
