[0.864s] Invoking command in '/home/luke/Haptics-Sim/src/webots_pkg': PYTHONPATH=/home/luke/Haptics-Sim/build/webots_pkg/prefix_override:/home/luke/Haptics-Sim/install/webots_pkg/lib/python3.8/site-packages:${PYTHONPATH} /usr/bin/python3 setup.py egg_info --egg-base ../../build/webots_pkg build --build-base /home/luke/Haptics-Sim/build/webots_pkg/build install --record /home/luke/Haptics-Sim/build/webots_pkg/install.log --single-version-externally-managed
[1.212s] running egg_info
[1.213s] writing ../../build/webots_pkg/webots_pkg.egg-info/PKG-INFO
[1.214s] writing dependency_links to ../../build/webots_pkg/webots_pkg.egg-info/dependency_links.txt
[1.214s] writing entry points to ../../build/webots_pkg/webots_pkg.egg-info/entry_points.txt
[1.214s] writing requirements to ../../build/webots_pkg/webots_pkg.egg-info/requires.txt
[1.214s] writing top-level names to ../../build/webots_pkg/webots_pkg.egg-info/top_level.txt
[1.262s] reading manifest file '../../build/webots_pkg/webots_pkg.egg-info/SOURCES.txt'
[1.264s] writing manifest file '../../build/webots_pkg/webots_pkg.egg-info/SOURCES.txt'
[1.264s] running build
[1.264s] running build_py
[1.266s] running install
[1.267s] running install_lib
[1.270s] running install_data
[1.272s] running install_egg_info
[1.274s] removing '/home/luke/Haptics-Sim/install/webots_pkg/lib/python3.8/site-packages/webots_pkg-0.0.0-py3.8.egg-info' (and everything under it)
[1.275s] Copying ../../build/webots_pkg/webots_pkg.egg-info to /home/luke/Haptics-Sim/install/webots_pkg/lib/python3.8/site-packages/webots_pkg-0.0.0-py3.8.egg-info
[1.276s] running install_scripts
[1.298s] Installing cf_supervisor script to /home/luke/Haptics-Sim/install/webots_pkg/lib/webots_pkg
[1.299s] Installing crazyflie_controller script to /home/luke/Haptics-Sim/install/webots_pkg/lib/webots_pkg
[1.299s] Installing crazyflie_follower_left script to /home/luke/Haptics-Sim/install/webots_pkg/lib/webots_pkg
[1.299s] Installing crazyflie_follower_right script to /home/luke/Haptics-Sim/install/webots_pkg/lib/webots_pkg
[1.299s] Installing crazyflie_leader script to /home/luke/Haptics-Sim/install/webots_pkg/lib/webots_pkg
[1.299s] Installing potential_field script to /home/luke/Haptics-Sim/install/webots_pkg/lib/webots_pkg
[1.300s] Installing serial_communication script to /home/luke/Haptics-Sim/install/webots_pkg/lib/webots_pkg
[1.300s] Installing simple_mapper script to /home/luke/Haptics-Sim/install/webots_pkg/lib/webots_pkg
[1.300s] Installing webots_pkg_driver script to /home/luke/Haptics-Sim/install/webots_pkg/lib/webots_pkg
[1.301s] writing list of installed files to '/home/luke/Haptics-Sim/build/webots_pkg/install.log'
[1.329s] Invoked command in '/home/luke/Haptics-Sim/src/webots_pkg' returned '0': PYTHONPATH=/home/luke/Haptics-Sim/build/webots_pkg/prefix_override:/home/luke/Haptics-Sim/install/webots_pkg/lib/python3.8/site-packages:${PYTHONPATH} /usr/bin/python3 setup.py egg_info --egg-base ../../build/webots_pkg build --build-base /home/luke/Haptics-Sim/build/webots_pkg/build install --record /home/luke/Haptics-Sim/build/webots_pkg/install.log --single-version-externally-managed
