/home/luke/Haptics-Sim/install/webots_pkg/lib/python3.8/site-packages/webots_pkg/potential_field_node.py
/home/luke/Haptics-Sim/install/webots_pkg/lib/python3.8/site-packages/webots_pkg/simple_mapper.py
/home/luke/Haptics-Sim/install/webots_pkg/lib/python3.8/site-packages/webots_pkg/crazyflie_leader.py
/home/luke/Haptics-Sim/install/webots_pkg/lib/python3.8/site-packages/webots_pkg/crazyflie_publisher.py
/home/luke/Haptics-Sim/install/webots_pkg/lib/python3.8/site-packages/webots_pkg/__init__.py
/home/luke/Haptics-Sim/install/webots_pkg/lib/python3.8/site-packages/webots_pkg/crazyflie_controller.py
/home/luke/Haptics-Sim/install/webots_pkg/lib/python3.8/site-packages/webots_pkg/turtlebot_mapper_node.py
/home/luke/Haptics-Sim/install/webots_pkg/lib/python3.8/site-packages/webots_pkg/crazyflie_follower_left.py
/home/luke/Haptics-Sim/install/webots_pkg/lib/python3.8/site-packages/webots_pkg/crazyflie_webots_driver.py
/home/luke/Haptics-Sim/install/webots_pkg/lib/python3.8/site-packages/webots_pkg/my_turtlebot_driver.py
/home/luke/Haptics-Sim/install/webots_pkg/lib/python3.8/site-packages/webots_pkg/crazyflie_follower_right.py
/home/luke/Haptics-Sim/install/webots_pkg/lib/python3.8/site-packages/webots_pkg/serial_communication.py
/home/luke/Haptics-Sim/install/webots_pkg/lib/python3.8/site-packages/webots_pkg/__pycache__/potential_field_node.cpython-38.pyc
/home/luke/Haptics-Sim/install/webots_pkg/lib/python3.8/site-packages/webots_pkg/__pycache__/simple_mapper.cpython-38.pyc
/home/luke/Haptics-Sim/install/webots_pkg/lib/python3.8/site-packages/webots_pkg/__pycache__/crazyflie_leader.cpython-38.pyc
/home/luke/Haptics-Sim/install/webots_pkg/lib/python3.8/site-packages/webots_pkg/__pycache__/crazyflie_publisher.cpython-38.pyc
/home/luke/Haptics-Sim/install/webots_pkg/lib/python3.8/site-packages/webots_pkg/__pycache__/__init__.cpython-38.pyc
/home/luke/Haptics-Sim/install/webots_pkg/lib/python3.8/site-packages/webots_pkg/__pycache__/crazyflie_controller.cpython-38.pyc
/home/luke/Haptics-Sim/install/webots_pkg/lib/python3.8/site-packages/webots_pkg/__pycache__/turtlebot_mapper_node.cpython-38.pyc
/home/luke/Haptics-Sim/install/webots_pkg/lib/python3.8/site-packages/webots_pkg/__pycache__/crazyflie_follower_left.cpython-38.pyc
/home/luke/Haptics-Sim/install/webots_pkg/lib/python3.8/site-packages/webots_pkg/__pycache__/crazyflie_webots_driver.cpython-38.pyc
/home/luke/Haptics-Sim/install/webots_pkg/lib/python3.8/site-packages/webots_pkg/__pycache__/my_turtlebot_driver.cpython-38.pyc
/home/luke/Haptics-Sim/install/webots_pkg/lib/python3.8/site-packages/webots_pkg/__pycache__/crazyflie_follower_right.cpython-38.pyc
/home/luke/Haptics-Sim/install/webots_pkg/lib/python3.8/site-packages/webots_pkg/__pycache__/serial_communication.cpython-38.pyc
/home/luke/Haptics-Sim/install/webots_pkg/share/ament_index/resource_index/packages/webots_pkg
/home/luke/Haptics-Sim/install/webots_pkg/share/webots_pkg/package.xml
/home/luke/Haptics-Sim/install/webots_pkg/share/webots_pkg/resource/crazyflie.urdf
/home/luke/Haptics-Sim/install/webots_pkg/share/webots_pkg/resource/__init__.py
/home/luke/Haptics-Sim/install/webots_pkg/share/webots_pkg/resource/webots_pkg
/home/luke/Haptics-Sim/install/webots_pkg/share/webots_pkg/resource/swarm_classes.py
/home/luke/Haptics-Sim/install/webots_pkg/share/webots_pkg/resource/turtlebot.urdf
/home/luke/Haptics-Sim/install/webots_pkg/share/webots_pkg/resource/__pycache__/swarm_classes.cpython-38.pyc
/home/luke/Haptics-Sim/install/webots_pkg/share/webots_pkg/resource/__pycache__/__init__.cpython-38.pyc
/home/luke/Haptics-Sim/install/webots_pkg/share/webots_pkg/launch/swarm_launch.py
/home/luke/Haptics-Sim/install/webots_pkg/share/webots_pkg/worlds/crazyflie.wbt
/home/luke/Haptics-Sim/install/webots_pkg/share/webots_pkg/worlds/large_square.wbt
/home/luke/Haptics-Sim/install/webots_pkg/share/webots_pkg/worlds/crazyflie_apartment.wbt
/home/luke/Haptics-Sim/install/webots_pkg/share/webots_pkg/worlds/turtlebot_apartment.wbt
/home/luke/Haptics-Sim/install/webots_pkg/share/webots_pkg/worlds/test_env.wbt
/home/luke/Haptics-Sim/install/webots_pkg/share/webots_pkg/worlds/swarm_apartment.wbt
/home/luke/Haptics-Sim/install/webots_pkg/share/webots_pkg/worlds/meshes/cf_body.stl
/home/luke/Haptics-Sim/install/webots_pkg/share/webots_pkg/worlds/meshes/4_motors.stl
/home/luke/Haptics-Sim/install/webots_pkg/share/webots_pkg/worlds/meshes/cw_prop.stl
/home/luke/Haptics-Sim/install/webots_pkg/share/webots_pkg/worlds/meshes/2_pinheaders.stl
/home/luke/Haptics-Sim/install/webots_pkg/share/webots_pkg/worlds/meshes/battery.stl
/home/luke/Haptics-Sim/install/webots_pkg/share/webots_pkg/worlds/meshes/ccw_prop.stl
/home/luke/Haptics-Sim/install/webots_pkg/share/webots_pkg/worlds/meshes/cf2_assembly.stl
/home/luke/Haptics-Sim/install/webots_pkg/share/webots_pkg/worlds/meshes/battery_holder.stl
/home/luke/Haptics-Sim/install/webots_pkg/share/webots_pkg/worlds/meshes/4_motormounts.stl
/home/luke/Haptics-Sim/install/webots_pkg/lib/python3.8/site-packages/webots_pkg-0.0.0-py3.8.egg-info/dependency_links.txt
/home/luke/Haptics-Sim/install/webots_pkg/lib/python3.8/site-packages/webots_pkg-0.0.0-py3.8.egg-info/top_level.txt
/home/luke/Haptics-Sim/install/webots_pkg/lib/python3.8/site-packages/webots_pkg-0.0.0-py3.8.egg-info/SOURCES.txt
/home/luke/Haptics-Sim/install/webots_pkg/lib/python3.8/site-packages/webots_pkg-0.0.0-py3.8.egg-info/entry_points.txt
/home/luke/Haptics-Sim/install/webots_pkg/lib/python3.8/site-packages/webots_pkg-0.0.0-py3.8.egg-info/PKG-INFO
/home/luke/Haptics-Sim/install/webots_pkg/lib/python3.8/site-packages/webots_pkg-0.0.0-py3.8.egg-info/requires.txt
/home/luke/Haptics-Sim/install/webots_pkg/lib/python3.8/site-packages/webots_pkg-0.0.0-py3.8.egg-info/zip-safe
/home/luke/Haptics-Sim/install/webots_pkg/lib/webots_pkg/cf_supervisor
/home/luke/Haptics-Sim/install/webots_pkg/lib/webots_pkg/crazyflie_controller
/home/luke/Haptics-Sim/install/webots_pkg/lib/webots_pkg/crazyflie_follower_left
/home/luke/Haptics-Sim/install/webots_pkg/lib/webots_pkg/crazyflie_follower_right
/home/luke/Haptics-Sim/install/webots_pkg/lib/webots_pkg/crazyflie_leader
/home/luke/Haptics-Sim/install/webots_pkg/lib/webots_pkg/potential_field
/home/luke/Haptics-Sim/install/webots_pkg/lib/webots_pkg/serial_communication
/home/luke/Haptics-Sim/install/webots_pkg/lib/webots_pkg/simple_mapper
/home/luke/Haptics-Sim/install/webots_pkg/lib/webots_pkg/webots_pkg_driver
