[0.737s] Invoking command in '/home/luke/Haptics-Sim/src/webots_pkg': PYTHONPATH=/home/luke/Haptics-Sim/build/webots_pkg/prefix_override:/home/luke/Haptics-Sim/install/webots_pkg/lib/python3.8/site-packages:${PYTHONPATH} /usr/bin/python3 setup.py egg_info --egg-base ../../build/webots_pkg build --build-base /home/luke/Haptics-Sim/build/webots_pkg/build install --record /home/luke/Haptics-Sim/build/webots_pkg/install.log --single-version-externally-managed
[0.992s] running egg_info
[0.992s] writing ../../build/webots_pkg/webots_pkg.egg-info/PKG-INFO
[0.993s] writing dependency_links to ../../build/webots_pkg/webots_pkg.egg-info/dependency_links.txt
[0.993s] writing entry points to ../../build/webots_pkg/webots_pkg.egg-info/entry_points.txt
[0.993s] writing requirements to ../../build/webots_pkg/webots_pkg.egg-info/requires.txt
[0.993s] writing top-level names to ../../build/webots_pkg/webots_pkg.egg-info/top_level.txt
[1.031s] reading manifest file '../../build/webots_pkg/webots_pkg.egg-info/SOURCES.txt'
[1.033s] writing manifest file '../../build/webots_pkg/webots_pkg.egg-info/SOURCES.txt'
[1.033s] running build
[1.033s] running build_py
[1.034s] copying webots_pkg/serial_communication.py -> /home/luke/Haptics-Sim/build/webots_pkg/build/lib/webots_pkg
[1.034s] running install
[1.035s] running install_lib
[1.037s] copying /home/luke/Haptics-Sim/build/webots_pkg/build/lib/webots_pkg/serial_communication.py -> /home/luke/Haptics-Sim/install/webots_pkg/lib/python3.8/site-packages/webots_pkg
[1.039s] byte-compiling /home/luke/Haptics-Sim/install/webots_pkg/lib/python3.8/site-packages/webots_pkg/serial_communication.py to serial_communication.cpython-38.pyc
[1.041s] running install_data
[1.042s] running install_egg_info
[1.044s] removing '/home/luke/Haptics-Sim/install/webots_pkg/lib/python3.8/site-packages/webots_pkg-0.0.0-py3.8.egg-info' (and everything under it)
[1.044s] Copying ../../build/webots_pkg/webots_pkg.egg-info to /home/luke/Haptics-Sim/install/webots_pkg/lib/python3.8/site-packages/webots_pkg-0.0.0-py3.8.egg-info
[1.045s] running install_scripts
[1.064s] Installing cf_supervisor script to /home/luke/Haptics-Sim/install/webots_pkg/lib/webots_pkg
[1.065s] Installing crazyflie_controller script to /home/luke/Haptics-Sim/install/webots_pkg/lib/webots_pkg
[1.065s] Installing crazyflie_follower_left script to /home/luke/Haptics-Sim/install/webots_pkg/lib/webots_pkg
[1.065s] Installing crazyflie_follower_right script to /home/luke/Haptics-Sim/install/webots_pkg/lib/webots_pkg
[1.065s] Installing crazyflie_leader script to /home/luke/Haptics-Sim/install/webots_pkg/lib/webots_pkg
[1.065s] Installing potential_field script to /home/luke/Haptics-Sim/install/webots_pkg/lib/webots_pkg
[1.066s] Installing serial_communication script to /home/luke/Haptics-Sim/install/webots_pkg/lib/webots_pkg
[1.066s] Installing simple_mapper script to /home/luke/Haptics-Sim/install/webots_pkg/lib/webots_pkg
[1.066s] Installing webots_pkg_driver script to /home/luke/Haptics-Sim/install/webots_pkg/lib/webots_pkg
[1.067s] writing list of installed files to '/home/luke/Haptics-Sim/build/webots_pkg/install.log'
[1.094s] Invoked command in '/home/luke/Haptics-Sim/src/webots_pkg' returned '0': PYTHONPATH=/home/luke/Haptics-Sim/build/webots_pkg/prefix_override:/home/luke/Haptics-Sim/install/webots_pkg/lib/python3.8/site-packages:${PYTHONPATH} /usr/bin/python3 setup.py egg_info --egg-base ../../build/webots_pkg build --build-base /home/luke/Haptics-Sim/build/webots_pkg/build install --record /home/luke/Haptics-Sim/build/webots_pkg/install.log --single-version-externally-managed
