running egg_info
creating ../../build/webots_pkg/webots_pkg.egg-info
writing ../../build/webots_pkg/webots_pkg.egg-info/PKG-INFO
writing dependency_links to ../../build/webots_pkg/webots_pkg.egg-info/dependency_links.txt
writing entry points to ../../build/webots_pkg/webots_pkg.egg-info/entry_points.txt
writing requirements to ../../build/webots_pkg/webots_pkg.egg-info/requires.txt
writing top-level names to ../../build/webots_pkg/webots_pkg.egg-info/top_level.txt
writing manifest file '../../build/webots_pkg/webots_pkg.egg-info/SOURCES.txt'
reading manifest file '../../build/webots_pkg/webots_pkg.egg-info/SOURCES.txt'
writing manifest file '../../build/webots_pkg/webots_pkg.egg-info/SOURCES.txt'
running build
running build_py
creating /home/luke/Haptics-Sim/build/webots_pkg/build
creating /home/luke/Haptics-Sim/build/webots_pkg/build/lib
creating /home/luke/Haptics-Sim/build/webots_pkg/build/lib/webots_pkg
copying webots_pkg/potential_field_node.py -> /home/luke/Haptics-Sim/build/webots_pkg/build/lib/webots_pkg
copying webots_pkg/simple_mapper.py -> /home/luke/Haptics-Sim/build/webots_pkg/build/lib/webots_pkg
copying webots_pkg/crazyflie_publisher.py -> /home/luke/Haptics-Sim/build/webots_pkg/build/lib/webots_pkg
copying webots_pkg/__init__.py -> /home/luke/Haptics-Sim/build/webots_pkg/build/lib/webots_pkg
copying webots_pkg/crazyflie_controller.py -> /home/luke/Haptics-Sim/build/webots_pkg/build/lib/webots_pkg
copying webots_pkg/turtlebot_mapper_node.py -> /home/luke/Haptics-Sim/build/webots_pkg/build/lib/webots_pkg
copying webots_pkg/crazyflie_webots_driver.py -> /home/luke/Haptics-Sim/build/webots_pkg/build/lib/webots_pkg
copying webots_pkg/my_turtlebot_driver.py -> /home/luke/Haptics-Sim/build/webots_pkg/build/lib/webots_pkg
running install
running install_lib
creating /home/luke/Haptics-Sim/install/webots_pkg/lib/python3.8/site-packages/webots_pkg
copying /home/luke/Haptics-Sim/build/webots_pkg/build/lib/webots_pkg/potential_field_node.py -> /home/luke/Haptics-Sim/install/webots_pkg/lib/python3.8/site-packages/webots_pkg
copying /home/luke/Haptics-Sim/build/webots_pkg/build/lib/webots_pkg/simple_mapper.py -> /home/luke/Haptics-Sim/install/webots_pkg/lib/python3.8/site-packages/webots_pkg
copying /home/luke/Haptics-Sim/build/webots_pkg/build/lib/webots_pkg/crazyflie_publisher.py -> /home/luke/Haptics-Sim/install/webots_pkg/lib/python3.8/site-packages/webots_pkg
copying /home/luke/Haptics-Sim/build/webots_pkg/build/lib/webots_pkg/__init__.py -> /home/luke/Haptics-Sim/install/webots_pkg/lib/python3.8/site-packages/webots_pkg
copying /home/luke/Haptics-Sim/build/webots_pkg/build/lib/webots_pkg/crazyflie_controller.py -> /home/luke/Haptics-Sim/install/webots_pkg/lib/python3.8/site-packages/webots_pkg
copying /home/luke/Haptics-Sim/build/webots_pkg/build/lib/webots_pkg/turtlebot_mapper_node.py -> /home/luke/Haptics-Sim/install/webots_pkg/lib/python3.8/site-packages/webots_pkg
copying /home/luke/Haptics-Sim/build/webots_pkg/build/lib/webots_pkg/crazyflie_webots_driver.py -> /home/luke/Haptics-Sim/install/webots_pkg/lib/python3.8/site-packages/webots_pkg
copying /home/luke/Haptics-Sim/build/webots_pkg/build/lib/webots_pkg/my_turtlebot_driver.py -> /home/luke/Haptics-Sim/install/webots_pkg/lib/python3.8/site-packages/webots_pkg
byte-compiling /home/luke/Haptics-Sim/install/webots_pkg/lib/python3.8/site-packages/webots_pkg/potential_field_node.py to potential_field_node.cpython-38.pyc
byte-compiling /home/luke/Haptics-Sim/install/webots_pkg/lib/python3.8/site-packages/webots_pkg/simple_mapper.py to simple_mapper.cpython-38.pyc
byte-compiling /home/luke/Haptics-Sim/install/webots_pkg/lib/python3.8/site-packages/webots_pkg/crazyflie_publisher.py to crazyflie_publisher.cpython-38.pyc
byte-compiling /home/luke/Haptics-Sim/install/webots_pkg/lib/python3.8/site-packages/webots_pkg/__init__.py to __init__.cpython-38.pyc
byte-compiling /home/luke/Haptics-Sim/install/webots_pkg/lib/python3.8/site-packages/webots_pkg/crazyflie_controller.py to crazyflie_controller.cpython-38.pyc
byte-compiling /home/luke/Haptics-Sim/install/webots_pkg/lib/python3.8/site-packages/webots_pkg/turtlebot_mapper_node.py to turtlebot_mapper_node.cpython-38.pyc
byte-compiling /home/luke/Haptics-Sim/install/webots_pkg/lib/python3.8/site-packages/webots_pkg/crazyflie_webots_driver.py to crazyflie_webots_driver.cpython-38.pyc
byte-compiling /home/luke/Haptics-Sim/install/webots_pkg/lib/python3.8/site-packages/webots_pkg/my_turtlebot_driver.py to my_turtlebot_driver.cpython-38.pyc
running install_data
copying package.xml -> /home/luke/Haptics-Sim/install/webots_pkg/share/webots_pkg
creating /home/luke/Haptics-Sim/install/webots_pkg/share/webots_pkg/resource
copying resource/crazyflie.urdf -> /home/luke/Haptics-Sim/install/webots_pkg/share/webots_pkg/resource/
copying resource/__init__.py -> /home/luke/Haptics-Sim/install/webots_pkg/share/webots_pkg/resource/
copying resource/webots_pkg -> /home/luke/Haptics-Sim/install/webots_pkg/share/webots_pkg/resource/
copying resource/swarm_classes.py -> /home/luke/Haptics-Sim/install/webots_pkg/share/webots_pkg/resource/
copying resource/turtlebot.urdf -> /home/luke/Haptics-Sim/install/webots_pkg/share/webots_pkg/resource/
creating /home/luke/Haptics-Sim/install/webots_pkg/share/webots_pkg/resource/__pycache__
copying resource/__pycache__/swarm_classes.cpython-38.pyc -> /home/luke/Haptics-Sim/install/webots_pkg/share/webots_pkg/resource/__pycache__
copying resource/__pycache__/__init__.cpython-38.pyc -> /home/luke/Haptics-Sim/install/webots_pkg/share/webots_pkg/resource/__pycache__
creating /home/luke/Haptics-Sim/install/webots_pkg/share/webots_pkg/launch
copying launch/swarm_launch.py -> /home/luke/Haptics-Sim/install/webots_pkg/share/webots_pkg/launch/
creating /home/luke/Haptics-Sim/install/webots_pkg/share/webots_pkg/worlds
copying worlds/crazyflie.wbt -> /home/luke/Haptics-Sim/install/webots_pkg/share/webots_pkg/worlds/
copying worlds/crazyflie_apartment.wbt -> /home/luke/Haptics-Sim/install/webots_pkg/share/webots_pkg/worlds/
copying worlds/turtlebot_apartment.wbt -> /home/luke/Haptics-Sim/install/webots_pkg/share/webots_pkg/worlds/
copying worlds/swarm_apartment.wbt -> /home/luke/Haptics-Sim/install/webots_pkg/share/webots_pkg/worlds/
creating /home/luke/Haptics-Sim/install/webots_pkg/share/webots_pkg/worlds/meshes
copying worlds/meshes/cf_body.stl -> /home/luke/Haptics-Sim/install/webots_pkg/share/webots_pkg/worlds/meshes
copying worlds/meshes/4_motors.stl -> /home/luke/Haptics-Sim/install/webots_pkg/share/webots_pkg/worlds/meshes
copying worlds/meshes/cw_prop.stl -> /home/luke/Haptics-Sim/install/webots_pkg/share/webots_pkg/worlds/meshes
copying worlds/meshes/2_pinheaders.stl -> /home/luke/Haptics-Sim/install/webots_pkg/share/webots_pkg/worlds/meshes
copying worlds/meshes/battery.stl -> /home/luke/Haptics-Sim/install/webots_pkg/share/webots_pkg/worlds/meshes
copying worlds/meshes/ccw_prop.stl -> /home/luke/Haptics-Sim/install/webots_pkg/share/webots_pkg/worlds/meshes
copying worlds/meshes/cf2_assembly.stl -> /home/luke/Haptics-Sim/install/webots_pkg/share/webots_pkg/worlds/meshes
copying worlds/meshes/battery_holder.stl -> /home/luke/Haptics-Sim/install/webots_pkg/share/webots_pkg/worlds/meshes
copying worlds/meshes/4_motormounts.stl -> /home/luke/Haptics-Sim/install/webots_pkg/share/webots_pkg/worlds/meshes
running install_egg_info
Copying ../../build/webots_pkg/webots_pkg.egg-info to /home/luke/Haptics-Sim/install/webots_pkg/lib/python3.8/site-packages/webots_pkg-0.0.0-py3.8.egg-info
running install_scripts
Installing cf_supervisor script to /home/luke/Haptics-Sim/install/webots_pkg/lib/webots_pkg
Installing crazyflie_controller script to /home/luke/Haptics-Sim/install/webots_pkg/lib/webots_pkg
Installing potential_field script to /home/luke/Haptics-Sim/install/webots_pkg/lib/webots_pkg
Installing simple_mapper script to /home/luke/Haptics-Sim/install/webots_pkg/lib/webots_pkg
Installing webots_pkg_driver script to /home/luke/Haptics-Sim/install/webots_pkg/lib/webots_pkg
writing list of installed files to '/home/luke/Haptics-Sim/build/webots_pkg/install.log'
