[0.744s] Invoking command in '/home/luke/Haptics-Sim/src/webots_pkg': PYTHONPATH=/home/luke/Haptics-Sim/build/webots_pkg/prefix_override:/home/luke/Haptics-Sim/install/webots_pkg/lib/python3.8/site-packages:${PYTHONPATH} /usr/bin/python3 setup.py egg_info --egg-base ../../build/webots_pkg build --build-base /home/luke/Haptics-Sim/build/webots_pkg/build install --record /home/luke/Haptics-Sim/build/webots_pkg/install.log --single-version-externally-managed
[0.985s] running egg_info
[0.986s] creating ../../build/webots_pkg/webots_pkg.egg-info
[0.986s] writing ../../build/webots_pkg/webots_pkg.egg-info/PKG-INFO
[0.986s] writing dependency_links to ../../build/webots_pkg/webots_pkg.egg-info/dependency_links.txt
[0.987s] writing entry points to ../../build/webots_pkg/webots_pkg.egg-info/entry_points.txt
[0.987s] writing requirements to ../../build/webots_pkg/webots_pkg.egg-info/requires.txt
[0.987s] writing top-level names to ../../build/webots_pkg/webots_pkg.egg-info/top_level.txt
[0.988s] writing manifest file '../../build/webots_pkg/webots_pkg.egg-info/SOURCES.txt'
[1.022s] reading manifest file '../../build/webots_pkg/webots_pkg.egg-info/SOURCES.txt'
[1.023s] writing manifest file '../../build/webots_pkg/webots_pkg.egg-info/SOURCES.txt'
[1.023s] running build
[1.023s] running build_py
[1.024s] creating /home/luke/Haptics-Sim/build/webots_pkg/build
[1.024s] creating /home/luke/Haptics-Sim/build/webots_pkg/build/lib
[1.024s] creating /home/luke/Haptics-Sim/build/webots_pkg/build/lib/webots_pkg
[1.024s] copying webots_pkg/potential_field_node.py -> /home/luke/Haptics-Sim/build/webots_pkg/build/lib/webots_pkg
[1.024s] copying webots_pkg/simple_mapper.py -> /home/luke/Haptics-Sim/build/webots_pkg/build/lib/webots_pkg
[1.024s] copying webots_pkg/crazyflie_publisher.py -> /home/luke/Haptics-Sim/build/webots_pkg/build/lib/webots_pkg
[1.024s] copying webots_pkg/__init__.py -> /home/luke/Haptics-Sim/build/webots_pkg/build/lib/webots_pkg
[1.025s] copying webots_pkg/crazyflie_controller.py -> /home/luke/Haptics-Sim/build/webots_pkg/build/lib/webots_pkg
[1.025s] copying webots_pkg/turtlebot_mapper_node.py -> /home/luke/Haptics-Sim/build/webots_pkg/build/lib/webots_pkg
[1.025s] copying webots_pkg/crazyflie_webots_driver.py -> /home/luke/Haptics-Sim/build/webots_pkg/build/lib/webots_pkg
[1.025s] copying webots_pkg/my_turtlebot_driver.py -> /home/luke/Haptics-Sim/build/webots_pkg/build/lib/webots_pkg
[1.025s] running install
[1.026s] running install_lib
[1.028s] creating /home/luke/Haptics-Sim/install/webots_pkg/lib/python3.8/site-packages/webots_pkg
[1.029s] copying /home/luke/Haptics-Sim/build/webots_pkg/build/lib/webots_pkg/potential_field_node.py -> /home/luke/Haptics-Sim/install/webots_pkg/lib/python3.8/site-packages/webots_pkg
[1.029s] copying /home/luke/Haptics-Sim/build/webots_pkg/build/lib/webots_pkg/simple_mapper.py -> /home/luke/Haptics-Sim/install/webots_pkg/lib/python3.8/site-packages/webots_pkg
[1.029s] copying /home/luke/Haptics-Sim/build/webots_pkg/build/lib/webots_pkg/crazyflie_publisher.py -> /home/luke/Haptics-Sim/install/webots_pkg/lib/python3.8/site-packages/webots_pkg
[1.029s] copying /home/luke/Haptics-Sim/build/webots_pkg/build/lib/webots_pkg/__init__.py -> /home/luke/Haptics-Sim/install/webots_pkg/lib/python3.8/site-packages/webots_pkg
[1.030s] copying /home/luke/Haptics-Sim/build/webots_pkg/build/lib/webots_pkg/crazyflie_controller.py -> /home/luke/Haptics-Sim/install/webots_pkg/lib/python3.8/site-packages/webots_pkg
[1.030s] copying /home/luke/Haptics-Sim/build/webots_pkg/build/lib/webots_pkg/turtlebot_mapper_node.py -> /home/luke/Haptics-Sim/install/webots_pkg/lib/python3.8/site-packages/webots_pkg
[1.030s] copying /home/luke/Haptics-Sim/build/webots_pkg/build/lib/webots_pkg/crazyflie_webots_driver.py -> /home/luke/Haptics-Sim/install/webots_pkg/lib/python3.8/site-packages/webots_pkg
[1.030s] copying /home/luke/Haptics-Sim/build/webots_pkg/build/lib/webots_pkg/my_turtlebot_driver.py -> /home/luke/Haptics-Sim/install/webots_pkg/lib/python3.8/site-packages/webots_pkg
[1.030s] byte-compiling /home/luke/Haptics-Sim/install/webots_pkg/lib/python3.8/site-packages/webots_pkg/potential_field_node.py to potential_field_node.cpython-38.pyc
[1.034s] byte-compiling /home/luke/Haptics-Sim/install/webots_pkg/lib/python3.8/site-packages/webots_pkg/simple_mapper.py to simple_mapper.cpython-38.pyc
[1.035s] byte-compiling /home/luke/Haptics-Sim/install/webots_pkg/lib/python3.8/site-packages/webots_pkg/crazyflie_publisher.py to crazyflie_publisher.cpython-38.pyc
[1.037s] byte-compiling /home/luke/Haptics-Sim/install/webots_pkg/lib/python3.8/site-packages/webots_pkg/__init__.py to __init__.cpython-38.pyc
[1.037s] byte-compiling /home/luke/Haptics-Sim/install/webots_pkg/lib/python3.8/site-packages/webots_pkg/crazyflie_controller.py to crazyflie_controller.cpython-38.pyc
[1.040s] byte-compiling /home/luke/Haptics-Sim/install/webots_pkg/lib/python3.8/site-packages/webots_pkg/turtlebot_mapper_node.py to turtlebot_mapper_node.cpython-38.pyc
[1.041s] byte-compiling /home/luke/Haptics-Sim/install/webots_pkg/lib/python3.8/site-packages/webots_pkg/crazyflie_webots_driver.py to crazyflie_webots_driver.cpython-38.pyc
[1.042s] byte-compiling /home/luke/Haptics-Sim/install/webots_pkg/lib/python3.8/site-packages/webots_pkg/my_turtlebot_driver.py to my_turtlebot_driver.cpython-38.pyc
[1.043s] running install_data
[1.044s] copying package.xml -> /home/luke/Haptics-Sim/install/webots_pkg/share/webots_pkg
[1.044s] creating /home/luke/Haptics-Sim/install/webots_pkg/share/webots_pkg/resource
[1.045s] copying resource/crazyflie.urdf -> /home/luke/Haptics-Sim/install/webots_pkg/share/webots_pkg/resource/
[1.045s] copying resource/__init__.py -> /home/luke/Haptics-Sim/install/webots_pkg/share/webots_pkg/resource/
[1.045s] copying resource/webots_pkg -> /home/luke/Haptics-Sim/install/webots_pkg/share/webots_pkg/resource/
[1.045s] copying resource/swarm_classes.py -> /home/luke/Haptics-Sim/install/webots_pkg/share/webots_pkg/resource/
[1.045s] copying resource/turtlebot.urdf -> /home/luke/Haptics-Sim/install/webots_pkg/share/webots_pkg/resource/
[1.046s] creating /home/luke/Haptics-Sim/install/webots_pkg/share/webots_pkg/resource/__pycache__
[1.046s] copying resource/__pycache__/swarm_classes.cpython-38.pyc -> /home/luke/Haptics-Sim/install/webots_pkg/share/webots_pkg/resource/__pycache__
[1.046s] copying resource/__pycache__/__init__.cpython-38.pyc -> /home/luke/Haptics-Sim/install/webots_pkg/share/webots_pkg/resource/__pycache__
[1.046s] creating /home/luke/Haptics-Sim/install/webots_pkg/share/webots_pkg/launch
[1.046s] copying launch/swarm_launch.py -> /home/luke/Haptics-Sim/install/webots_pkg/share/webots_pkg/launch/
[1.047s] creating /home/luke/Haptics-Sim/install/webots_pkg/share/webots_pkg/worlds
[1.047s] copying worlds/crazyflie.wbt -> /home/luke/Haptics-Sim/install/webots_pkg/share/webots_pkg/worlds/
[1.047s] copying worlds/crazyflie_apartment.wbt -> /home/luke/Haptics-Sim/install/webots_pkg/share/webots_pkg/worlds/
[1.047s] copying worlds/turtlebot_apartment.wbt -> /home/luke/Haptics-Sim/install/webots_pkg/share/webots_pkg/worlds/
[1.047s] copying worlds/swarm_apartment.wbt -> /home/luke/Haptics-Sim/install/webots_pkg/share/webots_pkg/worlds/
[1.047s] creating /home/luke/Haptics-Sim/install/webots_pkg/share/webots_pkg/worlds/meshes
[1.048s] copying worlds/meshes/cf_body.stl -> /home/luke/Haptics-Sim/install/webots_pkg/share/webots_pkg/worlds/meshes
[1.048s] copying worlds/meshes/4_motors.stl -> /home/luke/Haptics-Sim/install/webots_pkg/share/webots_pkg/worlds/meshes
[1.048s] copying worlds/meshes/cw_prop.stl -> /home/luke/Haptics-Sim/install/webots_pkg/share/webots_pkg/worlds/meshes
[1.048s] copying worlds/meshes/2_pinheaders.stl -> /home/luke/Haptics-Sim/install/webots_pkg/share/webots_pkg/worlds/meshes
[1.048s] copying worlds/meshes/battery.stl -> /home/luke/Haptics-Sim/install/webots_pkg/share/webots_pkg/worlds/meshes
[1.049s] copying worlds/meshes/ccw_prop.stl -> /home/luke/Haptics-Sim/install/webots_pkg/share/webots_pkg/worlds/meshes
[1.049s] copying worlds/meshes/cf2_assembly.stl -> /home/luke/Haptics-Sim/install/webots_pkg/share/webots_pkg/worlds/meshes
[1.049s] copying worlds/meshes/battery_holder.stl -> /home/luke/Haptics-Sim/install/webots_pkg/share/webots_pkg/worlds/meshes
[1.049s] copying worlds/meshes/4_motormounts.stl -> /home/luke/Haptics-Sim/install/webots_pkg/share/webots_pkg/worlds/meshes
[1.049s] running install_egg_info
[1.051s] Copying ../../build/webots_pkg/webots_pkg.egg-info to /home/luke/Haptics-Sim/install/webots_pkg/lib/python3.8/site-packages/webots_pkg-0.0.0-py3.8.egg-info
[1.052s] running install_scripts
[1.071s] Installing cf_supervisor script to /home/luke/Haptics-Sim/install/webots_pkg/lib/webots_pkg
[1.071s] Installing crazyflie_controller script to /home/luke/Haptics-Sim/install/webots_pkg/lib/webots_pkg
[1.071s] Installing potential_field script to /home/luke/Haptics-Sim/install/webots_pkg/lib/webots_pkg
[1.071s] Installing simple_mapper script to /home/luke/Haptics-Sim/install/webots_pkg/lib/webots_pkg
[1.071s] Installing webots_pkg_driver script to /home/luke/Haptics-Sim/install/webots_pkg/lib/webots_pkg
[1.072s] writing list of installed files to '/home/luke/Haptics-Sim/build/webots_pkg/install.log'
[1.096s] Invoked command in '/home/luke/Haptics-Sim/src/webots_pkg' returned '0': PYTHONPATH=/home/luke/Haptics-Sim/build/webots_pkg/prefix_override:/home/luke/Haptics-Sim/install/webots_pkg/lib/python3.8/site-packages:${PYTHONPATH} /usr/bin/python3 setup.py egg_info --egg-base ../../build/webots_pkg build --build-base /home/luke/Haptics-Sim/build/webots_pkg/build install --record /home/luke/Haptics-Sim/build/webots_pkg/install.log --single-version-externally-managed
