[0.753s] Invoking command in '/home/luke/Haptics-Sim/src/webots_pkg': PYTHONPATH=/home/luke/Haptics-Sim/build/webots_pkg/prefix_override:/home/luke/Haptics-Sim/install/webots_pkg/lib/python3.8/site-packages:${PYTHONPATH} /usr/bin/python3 setup.py egg_info --egg-base ../../build/webots_pkg build --build-base /home/luke/Haptics-Sim/build/webots_pkg/build install --record /home/luke/Haptics-Sim/build/webots_pkg/install.log --single-version-externally-managed
[1.009s] running egg_info
[1.010s] writing ../../build/webots_pkg/webots_pkg.egg-info/PKG-INFO
[1.010s] writing dependency_links to ../../build/webots_pkg/webots_pkg.egg-info/dependency_links.txt
[1.010s] writing entry points to ../../build/webots_pkg/webots_pkg.egg-info/entry_points.txt
[1.011s] writing requirements to ../../build/webots_pkg/webots_pkg.egg-info/requires.txt
[1.011s] writing top-level names to ../../build/webots_pkg/webots_pkg.egg-info/top_level.txt
[1.048s] reading manifest file '../../build/webots_pkg/webots_pkg.egg-info/SOURCES.txt'
[1.049s] writing manifest file '../../build/webots_pkg/webots_pkg.egg-info/SOURCES.txt'
[1.049s] running build
[1.049s] running build_py
[1.050s] copying webots_pkg/serial_communication.py -> /home/luke/Haptics-Sim/build/webots_pkg/build/lib/webots_pkg
[1.050s] running install
[1.051s] running install_lib
[1.053s] copying /home/luke/Haptics-Sim/build/webots_pkg/build/lib/webots_pkg/serial_communication.py -> /home/luke/Haptics-Sim/install/webots_pkg/lib/python3.8/site-packages/webots_pkg
[1.054s] byte-compiling /home/luke/Haptics-Sim/install/webots_pkg/lib/python3.8/site-packages/webots_pkg/serial_communication.py to serial_communication.cpython-38.pyc
[1.056s] running install_data
[1.057s] running install_egg_info
[1.059s] removing '/home/luke/Haptics-Sim/install/webots_pkg/lib/python3.8/site-packages/webots_pkg-0.0.0-py3.8.egg-info' (and everything under it)
[1.059s] Copying ../../build/webots_pkg/webots_pkg.egg-info to /home/luke/Haptics-Sim/install/webots_pkg/lib/python3.8/site-packages/webots_pkg-0.0.0-py3.8.egg-info
[1.060s] running install_scripts
[1.080s] Installing cf_supervisor script to /home/luke/Haptics-Sim/install/webots_pkg/lib/webots_pkg
[1.080s] Installing crazyflie_controller script to /home/luke/Haptics-Sim/install/webots_pkg/lib/webots_pkg
[1.080s] Installing crazyflie_follower_left script to /home/luke/Haptics-Sim/install/webots_pkg/lib/webots_pkg
[1.080s] Installing crazyflie_follower_right script to /home/luke/Haptics-Sim/install/webots_pkg/lib/webots_pkg
[1.080s] Installing crazyflie_leader script to /home/luke/Haptics-Sim/install/webots_pkg/lib/webots_pkg
[1.081s] Installing potential_field script to /home/luke/Haptics-Sim/install/webots_pkg/lib/webots_pkg
[1.081s] Installing serial_communication script to /home/luke/Haptics-Sim/install/webots_pkg/lib/webots_pkg
[1.081s] Installing simple_mapper script to /home/luke/Haptics-Sim/install/webots_pkg/lib/webots_pkg
[1.081s] Installing webots_pkg_driver script to /home/luke/Haptics-Sim/install/webots_pkg/lib/webots_pkg
[1.082s] writing list of installed files to '/home/luke/Haptics-Sim/build/webots_pkg/install.log'
[1.106s] Invoked command in '/home/luke/Haptics-Sim/src/webots_pkg' returned '0': PYTHONPATH=/home/luke/Haptics-Sim/build/webots_pkg/prefix_override:/home/luke/Haptics-Sim/install/webots_pkg/lib/python3.8/site-packages:${PYTHONPATH} /usr/bin/python3 setup.py egg_info --egg-base ../../build/webots_pkg build --build-base /home/luke/Haptics-Sim/build/webots_pkg/build install --record /home/luke/Haptics-Sim/build/webots_pkg/install.log --single-version-externally-managed
