[0.359s] DEBUG:colcon:Command line arguments: ['/usr/bin/colcon', 'build']
[0.359s] DEBUG:colcon:Parsed command line arguments: Namespace(allow_overriding=[], ament_cmake_args=None, base_paths=['.'], build_base='build', catkin_cmake_args=None, catkin_skip_building_tests=False, cmake_args=None, cmake_clean_cache=False, cmake_clean_first=False, cmake_force_configure=False, cmake_target=None, cmake_target_skip_unavailable=False, continue_on_error=False, event_handlers=None, executor='parallel', ignore_user_meta=False, install_base='install', log_base=None, log_level=None, main=<bound method BuildVerb.main of <colcon_core.verb.build.BuildVerb object at 0x7f9c98541ca0>>, merge_install=False, metas=['./colcon.meta'], packages_above=None, packages_above_and_dependencies=None, packages_above_depth=None, packages_end=None, packages_ignore=None, packages_ignore_regex=None, packages_select=None, packages_select_build_failed=False, packages_select_by_dep=None, packages_select_regex=None, packages_select_test_failures=False, packages_skip=None, packages_skip_build_finished=False, packages_skip_by_dep=None, packages_skip_regex=None, packages_skip_test_passed=False, packages_skip_up_to=None, packages_start=None, packages_up_to=None, packages_up_to_regex=None, parallel_workers=4, paths=None, symlink_install=False, test_result_base=None, verb_extension=<colcon_core.verb.build.BuildVerb object at 0x7f9c98541ca0>, verb_name='build', verb_parser=<colcon_defaults.argument_parser.defaults.DefaultArgumentsDecorator object at 0x7f9c98541e80>)
[0.399s] Level 1:colcon.colcon_core.package_discovery:discover_packages(colcon_meta) check parameters
[0.399s] Level 1:colcon.colcon_core.package_discovery:discover_packages(recursive) check parameters
[0.399s] Level 1:colcon.colcon_core.package_discovery:discover_packages(ignore) check parameters
[0.399s] Level 1:colcon.colcon_core.package_discovery:discover_packages(path) check parameters
[0.399s] Level 1:colcon.colcon_core.package_discovery:discover_packages(colcon_meta) discover
[0.400s] Level 1:colcon.colcon_core.package_discovery:discover_packages(recursive) discover
[0.400s] INFO:colcon.colcon_core.package_discovery:Crawling recursively for packages in '/home/luke/Haptics-Sim'
[0.400s] Level 1:colcon.colcon_core.package_identification:_identify(.) by extensions ['ignore', 'ignore_ament_install']
[0.400s] Level 1:colcon.colcon_core.package_identification:_identify(.) by extension 'ignore'
[0.400s] Level 1:colcon.colcon_core.package_identification:_identify(.) by extension 'ignore_ament_install'
[0.400s] Level 1:colcon.colcon_core.package_identification:_identify(.) by extensions ['colcon_pkg']
[0.400s] Level 1:colcon.colcon_core.package_identification:_identify(.) by extension 'colcon_pkg'
[0.400s] Level 1:colcon.colcon_core.package_identification:_identify(.) by extensions ['colcon_meta']
[0.400s] Level 1:colcon.colcon_core.package_identification:_identify(.) by extension 'colcon_meta'
[0.400s] Level 1:colcon.colcon_core.package_identification:_identify(.) by extensions ['ros']
[0.400s] Level 1:colcon.colcon_core.package_identification:_identify(.) by extension 'ros'
[0.413s] Level 1:colcon.colcon_core.package_identification:_identify(.) by extensions ['cmake', 'python']
[0.413s] Level 1:colcon.colcon_core.package_identification:_identify(.) by extension 'cmake'
[0.414s] Level 1:colcon.colcon_core.package_identification:_identify(.) by extension 'python'
[0.414s] Level 1:colcon.colcon_core.package_identification:_identify(.) by extensions ['python_setup_py']
[0.414s] Level 1:colcon.colcon_core.package_identification:_identify(.) by extension 'python_setup_py'
[0.414s] Level 1:colcon.colcon_core.package_identification:_identify(build) by extensions ['ignore', 'ignore_ament_install']
[0.414s] Level 1:colcon.colcon_core.package_identification:_identify(build) by extension 'ignore'
[0.414s] Level 1:colcon.colcon_core.package_identification:_identify(build) ignored
[0.414s] Level 1:colcon.colcon_core.package_identification:_identify(install) by extensions ['ignore', 'ignore_ament_install']
[0.414s] Level 1:colcon.colcon_core.package_identification:_identify(install) by extension 'ignore'
[0.414s] Level 1:colcon.colcon_core.package_identification:_identify(install) ignored
[0.414s] Level 1:colcon.colcon_core.package_identification:_identify(log) by extensions ['ignore', 'ignore_ament_install']
[0.414s] Level 1:colcon.colcon_core.package_identification:_identify(log) by extension 'ignore'
[0.415s] Level 1:colcon.colcon_core.package_identification:_identify(log) ignored
[0.415s] Level 1:colcon.colcon_core.package_identification:_identify(src) by extensions ['ignore', 'ignore_ament_install']
[0.415s] Level 1:colcon.colcon_core.package_identification:_identify(src) by extension 'ignore'
[0.415s] Level 1:colcon.colcon_core.package_identification:_identify(src) by extension 'ignore_ament_install'
[0.415s] Level 1:colcon.colcon_core.package_identification:_identify(src) by extensions ['colcon_pkg']
[0.415s] Level 1:colcon.colcon_core.package_identification:_identify(src) by extension 'colcon_pkg'
[0.415s] Level 1:colcon.colcon_core.package_identification:_identify(src) by extensions ['colcon_meta']
[0.415s] Level 1:colcon.colcon_core.package_identification:_identify(src) by extension 'colcon_meta'
[0.415s] Level 1:colcon.colcon_core.package_identification:_identify(src) by extensions ['ros']
[0.415s] Level 1:colcon.colcon_core.package_identification:_identify(src) by extension 'ros'
[0.415s] Level 1:colcon.colcon_core.package_identification:_identify(src) by extensions ['cmake', 'python']
[0.415s] Level 1:colcon.colcon_core.package_identification:_identify(src) by extension 'cmake'
[0.415s] Level 1:colcon.colcon_core.package_identification:_identify(src) by extension 'python'
[0.415s] Level 1:colcon.colcon_core.package_identification:_identify(src) by extensions ['python_setup_py']
[0.415s] Level 1:colcon.colcon_core.package_identification:_identify(src) by extension 'python_setup_py'
[0.415s] Level 1:colcon.colcon_core.package_identification:_identify(src/webots_pkg) by extensions ['ignore', 'ignore_ament_install']
[0.416s] Level 1:colcon.colcon_core.package_identification:_identify(src/webots_pkg) by extension 'ignore'
[0.416s] Level 1:colcon.colcon_core.package_identification:_identify(src/webots_pkg) by extension 'ignore_ament_install'
[0.416s] Level 1:colcon.colcon_core.package_identification:_identify(src/webots_pkg) by extensions ['colcon_pkg']
[0.416s] Level 1:colcon.colcon_core.package_identification:_identify(src/webots_pkg) by extension 'colcon_pkg'
[0.416s] Level 1:colcon.colcon_core.package_identification:_identify(src/webots_pkg) by extensions ['colcon_meta']
[0.416s] Level 1:colcon.colcon_core.package_identification:_identify(src/webots_pkg) by extension 'colcon_meta'
[0.416s] Level 1:colcon.colcon_core.package_identification:_identify(src/webots_pkg) by extensions ['ros']
[0.416s] Level 1:colcon.colcon_core.package_identification:_identify(src/webots_pkg) by extension 'ros'
[0.419s] DEBUG:colcon.colcon_core.package_identification:Package 'src/webots_pkg' with type 'ros.ament_python' and name 'webots_pkg'
[0.419s] Level 1:colcon.colcon_core.package_discovery:discover_packages(recursive) using defaults
[0.419s] Level 1:colcon.colcon_core.package_discovery:discover_packages(ignore) discover
[0.419s] Level 1:colcon.colcon_core.package_discovery:discover_packages(ignore) using defaults
[0.419s] Level 1:colcon.colcon_core.package_discovery:discover_packages(path) discover
[0.419s] Level 1:colcon.colcon_core.package_discovery:discover_packages(path) using defaults
[0.444s] Level 1:colcon.colcon_core.package_discovery:discover_packages(prefix_path) check parameters
[0.444s] Level 1:colcon.colcon_core.package_discovery:discover_packages(prefix_path) discover
[0.449s] DEBUG:colcon.colcon_installed_package_information.package_discovery:Found 322 installed packages in /opt/ros/foxy
[0.450s] Level 1:colcon.colcon_core.package_discovery:discover_packages(prefix_path) using defaults
[0.556s] Level 5:colcon.colcon_core.verb:set package 'webots_pkg' build argument 'cmake_args' from command line to 'None'
[0.556s] Level 5:colcon.colcon_core.verb:set package 'webots_pkg' build argument 'cmake_target' from command line to 'None'
[0.556s] Level 5:colcon.colcon_core.verb:set package 'webots_pkg' build argument 'cmake_target_skip_unavailable' from command line to 'False'
[0.556s] Level 5:colcon.colcon_core.verb:set package 'webots_pkg' build argument 'cmake_clean_cache' from command line to 'False'
[0.556s] Level 5:colcon.colcon_core.verb:set package 'webots_pkg' build argument 'cmake_clean_first' from command line to 'False'
[0.556s] Level 5:colcon.colcon_core.verb:set package 'webots_pkg' build argument 'cmake_force_configure' from command line to 'False'
[0.556s] Level 5:colcon.colcon_core.verb:set package 'webots_pkg' build argument 'ament_cmake_args' from command line to 'None'
[0.556s] Level 5:colcon.colcon_core.verb:set package 'webots_pkg' build argument 'catkin_cmake_args' from command line to 'None'
[0.556s] Level 5:colcon.colcon_core.verb:set package 'webots_pkg' build argument 'catkin_skip_building_tests' from command line to 'False'
[0.556s] DEBUG:colcon.colcon_core.verb:Building package 'webots_pkg' with the following arguments: {'ament_cmake_args': None, 'build_base': '/home/luke/Haptics-Sim/build/webots_pkg', 'catkin_cmake_args': None, 'catkin_skip_building_tests': False, 'cmake_args': None, 'cmake_clean_cache': False, 'cmake_clean_first': False, 'cmake_force_configure': False, 'cmake_target': None, 'cmake_target_skip_unavailable': False, 'install_base': '/home/luke/Haptics-Sim/install/webots_pkg', 'merge_install': False, 'path': '/home/luke/Haptics-Sim/src/webots_pkg', 'symlink_install': False, 'test_result_base': None}
[0.559s] INFO:colcon.colcon_core.executor:Executing jobs using 'parallel' executor
[0.570s] DEBUG:colcon.colcon_parallel_executor.executor.parallel:run_until_complete
[0.570s] INFO:colcon.colcon_ros.task.ament_python.build:Building ROS package in '/home/luke/Haptics-Sim/src/webots_pkg' with build type 'ament_python'
[0.570s] Level 1:colcon.colcon_core.shell:create_environment_hook('webots_pkg', 'ament_prefix_path')
[0.580s] INFO:colcon.colcon_core.plugin_system:Skipping extension 'colcon_core.shell.bat': Not used on non-Windows systems
[0.580s] INFO:colcon.colcon_core.shell:Creating environment hook '/home/luke/Haptics-Sim/install/webots_pkg/share/webots_pkg/hook/ament_prefix_path.ps1'
[0.582s] INFO:colcon.colcon_core.shell:Creating environment descriptor '/home/luke/Haptics-Sim/install/webots_pkg/share/webots_pkg/hook/ament_prefix_path.dsv'
[0.582s] INFO:colcon.colcon_core.shell:Creating environment hook '/home/luke/Haptics-Sim/install/webots_pkg/share/webots_pkg/hook/ament_prefix_path.sh'
[0.588s] INFO:colcon.colcon_core.shell:Skip shell extension 'powershell' for command environment: Not usable outside of PowerShell
[0.589s] DEBUG:colcon.colcon_core.shell:Skip shell extension 'dsv' for command environment
[0.872s] WARNING:colcon.colcon_ros.task.ament_python.build:Package 'webots_pkg' doesn't explicitly install a marker in the package index (colcon-ros currently does it implicitly but that fallback will be removed in the future)
[0.872s] INFO:colcon.colcon_core.task.python.build:Building Python package in '/home/luke/Haptics-Sim/src/webots_pkg'
[0.876s] INFO:colcon.colcon_core.shell:Skip shell extension 'powershell' for command environment: Not usable outside of PowerShell
[0.876s] DEBUG:colcon.colcon_core.shell:Skip shell extension 'dsv' for command environment
[1.415s] DEBUG:colcon.colcon_core.event_handler.log_command:Invoking command in '/home/luke/Haptics-Sim/src/webots_pkg': PYTHONPATH=/home/luke/Haptics-Sim/build/webots_pkg/prefix_override:/home/luke/Haptics-Sim/install/webots_pkg/lib/python3.8/site-packages:${PYTHONPATH} /usr/bin/python3 setup.py egg_info --egg-base ../../build/webots_pkg build --build-base /home/luke/Haptics-Sim/build/webots_pkg/build install --record /home/luke/Haptics-Sim/build/webots_pkg/install.log --single-version-externally-managed
[1.758s] DEBUG:colcon.colcon_core.event_handler.log_command:Invoked command in '/home/luke/Haptics-Sim/src/webots_pkg' returned '0': PYTHONPATH=/home/luke/Haptics-Sim/build/webots_pkg/prefix_override:/home/luke/Haptics-Sim/install/webots_pkg/lib/python3.8/site-packages:${PYTHONPATH} /usr/bin/python3 setup.py egg_info --egg-base ../../build/webots_pkg build --build-base /home/luke/Haptics-Sim/build/webots_pkg/build install --record /home/luke/Haptics-Sim/build/webots_pkg/install.log --single-version-externally-managed
[1.767s] Level 1:colcon.colcon_core.environment:checking '/home/luke/Haptics-Sim/install/webots_pkg' for CMake module files
[1.768s] Level 1:colcon.colcon_core.environment:checking '/home/luke/Haptics-Sim/install/webots_pkg' for CMake config files
[1.769s] Level 1:colcon.colcon_core.environment:checking '/home/luke/Haptics-Sim/install/webots_pkg/lib'
[1.769s] Level 1:colcon.colcon_core.environment:checking '/home/luke/Haptics-Sim/install/webots_pkg/bin'
[1.769s] Level 1:colcon.colcon_core.environment:checking '/home/luke/Haptics-Sim/install/webots_pkg/lib/pkgconfig/webots_pkg.pc'
[1.770s] Level 1:colcon.colcon_core.environment:checking '/home/luke/Haptics-Sim/install/webots_pkg/lib/python3.8/site-packages'
[1.770s] Level 1:colcon.colcon_core.shell:create_environment_hook('webots_pkg', 'pythonpath')
[1.773s] INFO:colcon.colcon_core.shell:Creating environment hook '/home/luke/Haptics-Sim/install/webots_pkg/share/webots_pkg/hook/pythonpath.ps1'
[1.774s] INFO:colcon.colcon_core.shell:Creating environment descriptor '/home/luke/Haptics-Sim/install/webots_pkg/share/webots_pkg/hook/pythonpath.dsv'
[1.774s] INFO:colcon.colcon_core.shell:Creating environment hook '/home/luke/Haptics-Sim/install/webots_pkg/share/webots_pkg/hook/pythonpath.sh'
[1.775s] Level 1:colcon.colcon_core.environment:checking '/home/luke/Haptics-Sim/install/webots_pkg/bin'
[1.775s] Level 1:colcon.colcon_core.environment:create_environment_scripts_only(webots_pkg)
[1.779s] INFO:colcon.colcon_core.shell:Creating package script '/home/luke/Haptics-Sim/install/webots_pkg/share/webots_pkg/package.ps1'
[1.779s] INFO:colcon.colcon_core.shell:Creating package descriptor '/home/luke/Haptics-Sim/install/webots_pkg/share/webots_pkg/package.dsv'
[1.780s] INFO:colcon.colcon_core.shell:Creating package script '/home/luke/Haptics-Sim/install/webots_pkg/share/webots_pkg/package.sh'
[1.781s] INFO:colcon.colcon_core.shell:Creating package script '/home/luke/Haptics-Sim/install/webots_pkg/share/webots_pkg/package.bash'
[1.782s] INFO:colcon.colcon_core.shell:Creating package script '/home/luke/Haptics-Sim/install/webots_pkg/share/webots_pkg/package.zsh'
[1.782s] Level 1:colcon.colcon_core.environment:create_file_with_runtime_dependencies(/home/luke/Haptics-Sim/install/webots_pkg/share/colcon-core/packages/webots_pkg)
[1.783s] DEBUG:colcon.colcon_parallel_executor.executor.parallel:closing loop
[1.784s] DEBUG:colcon.colcon_parallel_executor.executor.parallel:loop closed
[1.784s] DEBUG:colcon.colcon_parallel_executor.executor.parallel:run_until_complete finished with '0'
[1.784s] DEBUG:colcon.colcon_core.event_reactor:joining thread
[1.791s] INFO:colcon.colcon_core.plugin_system:Skipping extension 'colcon_notification.desktop_notification.terminal_notifier': Not used on non-Darwin systems
[1.792s] INFO:colcon.colcon_core.plugin_system:Skipping extension 'colcon_notification.desktop_notification.win32': Not used on non-Windows systems
[1.792s] INFO:colcon.colcon_notification.desktop_notification:Sending desktop notification using 'notify2'
[1.809s] DEBUG:colcon.colcon_core.event_reactor:joined thread
[1.814s] INFO:colcon.colcon_core.shell:Creating prefix script '/home/luke/Haptics-Sim/install/local_setup.ps1'
[1.815s] INFO:colcon.colcon_core.shell:Creating prefix util module '/home/luke/Haptics-Sim/install/_local_setup_util_ps1.py'
[1.817s] INFO:colcon.colcon_core.shell:Creating prefix chain script '/home/luke/Haptics-Sim/install/setup.ps1'
[1.819s] INFO:colcon.colcon_core.shell:Creating prefix script '/home/luke/Haptics-Sim/install/local_setup.sh'
[1.820s] INFO:colcon.colcon_core.shell:Creating prefix util module '/home/luke/Haptics-Sim/install/_local_setup_util_sh.py'
[1.821s] INFO:colcon.colcon_core.shell:Creating prefix chain script '/home/luke/Haptics-Sim/install/setup.sh'
[1.822s] INFO:colcon.colcon_core.shell:Creating prefix script '/home/luke/Haptics-Sim/install/local_setup.bash'
[1.823s] INFO:colcon.colcon_core.shell:Creating prefix chain script '/home/luke/Haptics-Sim/install/setup.bash'
[1.828s] INFO:colcon.colcon_core.shell:Creating prefix script '/home/luke/Haptics-Sim/install/local_setup.zsh'
[1.829s] INFO:colcon.colcon_core.shell:Creating prefix chain script '/home/luke/Haptics-Sim/install/setup.zsh'
