[0.726s] Invoking command in '/home/luke/Haptics-Sim/src/webots_pkg': PYTHONPATH=/home/luke/Haptics-Sim/build/webots_pkg/prefix_override:/home/luke/Haptics-Sim/install/webots_pkg/lib/python3.8/site-packages:${PYTHONPATH} /usr/bin/python3 setup.py egg_info --egg-base ../../build/webots_pkg build --build-base /home/luke/Haptics-Sim/build/webots_pkg/build install --record /home/luke/Haptics-Sim/build/webots_pkg/install.log --single-version-externally-managed
[0.971s] running egg_info
[0.972s] writing ../../build/webots_pkg/webots_pkg.egg-info/PKG-INFO
[0.972s] writing dependency_links to ../../build/webots_pkg/webots_pkg.egg-info/dependency_links.txt
[0.972s] writing entry points to ../../build/webots_pkg/webots_pkg.egg-info/entry_points.txt
[0.972s] writing requirements to ../../build/webots_pkg/webots_pkg.egg-info/requires.txt
[0.973s] writing top-level names to ../../build/webots_pkg/webots_pkg.egg-info/top_level.txt
[1.007s] reading manifest file '../../build/webots_pkg/webots_pkg.egg-info/SOURCES.txt'
[1.009s] writing manifest file '../../build/webots_pkg/webots_pkg.egg-info/SOURCES.txt'
[1.009s] running build
[1.009s] running build_py
[1.009s] running install
[1.010s] running install_lib
[1.013s] running install_data
[1.014s] running install_egg_info
[1.016s] removing '/home/luke/Haptics-Sim/install/webots_pkg/lib/python3.8/site-packages/webots_pkg-0.0.0-py3.8.egg-info' (and everything under it)
[1.016s] Copying ../../build/webots_pkg/webots_pkg.egg-info to /home/luke/Haptics-Sim/install/webots_pkg/lib/python3.8/site-packages/webots_pkg-0.0.0-py3.8.egg-info
[1.017s] running install_scripts
[1.035s] Installing cf_supervisor script to /home/luke/Haptics-Sim/install/webots_pkg/lib/webots_pkg
[1.035s] Installing crazyflie_controller script to /home/luke/Haptics-Sim/install/webots_pkg/lib/webots_pkg
[1.035s] Installing crazyflie_follower_left script to /home/luke/Haptics-Sim/install/webots_pkg/lib/webots_pkg
[1.036s] Installing crazyflie_follower_right script to /home/luke/Haptics-Sim/install/webots_pkg/lib/webots_pkg
[1.036s] Installing crazyflie_leader script to /home/luke/Haptics-Sim/install/webots_pkg/lib/webots_pkg
[1.037s] Installing potential_field script to /home/luke/Haptics-Sim/install/webots_pkg/lib/webots_pkg
[1.037s] Installing serial_communication script to /home/luke/Haptics-Sim/install/webots_pkg/lib/webots_pkg
[1.037s] Installing simple_mapper script to /home/luke/Haptics-Sim/install/webots_pkg/lib/webots_pkg
[1.037s] Installing webots_pkg_driver script to /home/luke/Haptics-Sim/install/webots_pkg/lib/webots_pkg
[1.037s] writing list of installed files to '/home/luke/Haptics-Sim/build/webots_pkg/install.log'
[1.062s] Invoked command in '/home/luke/Haptics-Sim/src/webots_pkg' returned '0': PYTHONPATH=/home/luke/Haptics-Sim/build/webots_pkg/prefix_override:/home/luke/Haptics-Sim/install/webots_pkg/lib/python3.8/site-packages:${PYTHONPATH} /usr/bin/python3 setup.py egg_info --egg-base ../../build/webots_pkg build --build-base /home/luke/Haptics-Sim/build/webots_pkg/build install --record /home/luke/Haptics-Sim/build/webots_pkg/install.log --single-version-externally-managed
