[0.837s] Invoking command in '/home/luke/Haptics-Sim/src/webots_pkg': PYTHONPATH=/home/luke/Haptics-Sim/build/webots_pkg/prefix_override:/home/luke/Haptics-Sim/install/webots_pkg/lib/python3.8/site-packages:${PYTHONPATH} /usr/bin/python3 setup.py egg_info --egg-base ../../build/webots_pkg build --build-base /home/luke/Haptics-Sim/build/webots_pkg/build install --record /home/luke/Haptics-Sim/build/webots_pkg/install.log --single-version-externally-managed
[1.085s] running egg_info
[1.085s] writing ../../build/webots_pkg/webots_pkg.egg-info/PKG-INFO
[1.086s] writing dependency_links to ../../build/webots_pkg/webots_pkg.egg-info/dependency_links.txt
[1.086s] writing entry points to ../../build/webots_pkg/webots_pkg.egg-info/entry_points.txt
[1.086s] writing requirements to ../../build/webots_pkg/webots_pkg.egg-info/requires.txt
[1.086s] writing top-level names to ../../build/webots_pkg/webots_pkg.egg-info/top_level.txt
[1.120s] reading manifest file '../../build/webots_pkg/webots_pkg.egg-info/SOURCES.txt'
[1.122s] writing manifest file '../../build/webots_pkg/webots_pkg.egg-info/SOURCES.txt'
[1.122s] running build
[1.122s] running build_py
[1.123s] running install
[1.124s] running install_lib
[1.126s] running install_data
[1.127s] running install_egg_info
[1.130s] removing '/home/luke/Haptics-Sim/install/webots_pkg/lib/python3.8/site-packages/webots_pkg-0.0.0-py3.8.egg-info' (and everything under it)
[1.130s] Copying ../../build/webots_pkg/webots_pkg.egg-info to /home/luke/Haptics-Sim/install/webots_pkg/lib/python3.8/site-packages/webots_pkg-0.0.0-py3.8.egg-info
[1.131s] running install_scripts
[1.149s] Installing cf_supervisor script to /home/luke/Haptics-Sim/install/webots_pkg/lib/webots_pkg
[1.150s] Installing crazyflie_controller script to /home/luke/Haptics-Sim/install/webots_pkg/lib/webots_pkg
[1.150s] Installing crazyflie_follower_left script to /home/luke/Haptics-Sim/install/webots_pkg/lib/webots_pkg
[1.150s] Installing crazyflie_follower_right script to /home/luke/Haptics-Sim/install/webots_pkg/lib/webots_pkg
[1.150s] Installing crazyflie_leader script to /home/luke/Haptics-Sim/install/webots_pkg/lib/webots_pkg
[1.150s] Installing potential_field script to /home/luke/Haptics-Sim/install/webots_pkg/lib/webots_pkg
[1.151s] Installing serial_communication script to /home/luke/Haptics-Sim/install/webots_pkg/lib/webots_pkg
[1.151s] Installing simple_mapper script to /home/luke/Haptics-Sim/install/webots_pkg/lib/webots_pkg
[1.151s] Installing webots_pkg_driver script to /home/luke/Haptics-Sim/install/webots_pkg/lib/webots_pkg
[1.151s] writing list of installed files to '/home/luke/Haptics-Sim/build/webots_pkg/install.log'
[1.177s] Invoked command in '/home/luke/Haptics-Sim/src/webots_pkg' returned '0': PYTHONPATH=/home/luke/Haptics-Sim/build/webots_pkg/prefix_override:/home/luke/Haptics-Sim/install/webots_pkg/lib/python3.8/site-packages:${PYTHONPATH} /usr/bin/python3 setup.py egg_info --egg-base ../../build/webots_pkg build --build-base /home/luke/Haptics-Sim/build/webots_pkg/build install --record /home/luke/Haptics-Sim/build/webots_pkg/install.log --single-version-externally-managed
