[2.668s] Invoking command in '/home/luke/Haptics-Sim/src/webots_pkg': PYTHONPATH=/home/luke/Haptics-Sim/build/webots_pkg/prefix_override:/home/luke/Haptics-Sim/install/webots_pkg/lib/python3.8/site-packages:${PYTHONPATH} /usr/bin/python3 setup.py egg_info --egg-base ../../build/webots_pkg build --build-base /home/luke/Haptics-Sim/build/webots_pkg/build install --record /home/luke/Haptics-Sim/build/webots_pkg/install.log --single-version-externally-managed
[3.769s] running egg_info
[3.771s] writing ../../build/webots_pkg/webots_pkg.egg-info/PKG-INFO
[3.773s] writing dependency_links to ../../build/webots_pkg/webots_pkg.egg-info/dependency_links.txt
[3.773s] writing entry points to ../../build/webots_pkg/webots_pkg.egg-info/entry_points.txt
[3.773s] writing requirements to ../../build/webots_pkg/webots_pkg.egg-info/requires.txt
[3.773s] writing top-level names to ../../build/webots_pkg/webots_pkg.egg-info/top_level.txt
[3.886s] reading manifest file '../../build/webots_pkg/webots_pkg.egg-info/SOURCES.txt'
[3.889s] writing manifest file '../../build/webots_pkg/webots_pkg.egg-info/SOURCES.txt'
[3.890s] running build
[3.890s] running build_py
[3.891s] running install
[3.894s] running install_lib
[3.900s] byte-compiling /home/luke/Haptics-Sim/install/webots_pkg/lib/python3.8/site-packages/webots_pkg/crazyflie_leader.py to crazyflie_leader.cpython-38.pyc
[3.912s] byte-compiling /home/luke/Haptics-Sim/install/webots_pkg/lib/python3.8/site-packages/webots_pkg/crazyflie_follower_left.py to crazyflie_follower_left.cpython-38.pyc
[3.915s] byte-compiling /home/luke/Haptics-Sim/install/webots_pkg/lib/python3.8/site-packages/webots_pkg/crazyflie_follower_right.py to crazyflie_follower_right.cpython-38.pyc
[3.925s] running install_data
[3.929s] running install_egg_info
[3.935s] removing '/home/luke/Haptics-Sim/install/webots_pkg/lib/python3.8/site-packages/webots_pkg-0.0.0-py3.8.egg-info' (and everything under it)
[3.935s] Copying ../../build/webots_pkg/webots_pkg.egg-info to /home/luke/Haptics-Sim/install/webots_pkg/lib/python3.8/site-packages/webots_pkg-0.0.0-py3.8.egg-info
[3.937s] running install_scripts
[4.021s] Installing cf_supervisor script to /home/luke/Haptics-Sim/install/webots_pkg/lib/webots_pkg
[4.021s] Installing crazyflie_controller script to /home/luke/Haptics-Sim/install/webots_pkg/lib/webots_pkg
[4.021s] Installing crazyflie_follower_left script to /home/luke/Haptics-Sim/install/webots_pkg/lib/webots_pkg
[4.021s] Installing crazyflie_follower_right script to /home/luke/Haptics-Sim/install/webots_pkg/lib/webots_pkg
[4.021s] Installing crazyflie_leader script to /home/luke/Haptics-Sim/install/webots_pkg/lib/webots_pkg
[4.022s] Installing potential_field script to /home/luke/Haptics-Sim/install/webots_pkg/lib/webots_pkg
[4.022s] Installing serial_communication script to /home/luke/Haptics-Sim/install/webots_pkg/lib/webots_pkg
[4.022s] Installing simple_mapper script to /home/luke/Haptics-Sim/install/webots_pkg/lib/webots_pkg
[4.022s] Installing webots_pkg_driver script to /home/luke/Haptics-Sim/install/webots_pkg/lib/webots_pkg
[4.022s] writing list of installed files to '/home/luke/Haptics-Sim/build/webots_pkg/install.log'
[4.125s] Invoked command in '/home/luke/Haptics-Sim/src/webots_pkg' returned '0': PYTHONPATH=/home/luke/Haptics-Sim/build/webots_pkg/prefix_override:/home/luke/Haptics-Sim/install/webots_pkg/lib/python3.8/site-packages:${PYTHONPATH} /usr/bin/python3 setup.py egg_info --egg-base ../../build/webots_pkg build --build-base /home/luke/Haptics-Sim/build/webots_pkg/build install --record /home/luke/Haptics-Sim/build/webots_pkg/install.log --single-version-externally-managed
