[0.729s] Invoking command in '/home/luke/Haptics-Sim/src/webots_pkg': PYTHONPATH=/home/luke/Haptics-Sim/build/webots_pkg/prefix_override:/home/luke/Haptics-Sim/install/webots_pkg/lib/python3.8/site-packages:${PYTHONPATH} /usr/bin/python3 setup.py egg_info --egg-base ../../build/webots_pkg build --build-base /home/luke/Haptics-Sim/build/webots_pkg/build install --record /home/luke/Haptics-Sim/build/webots_pkg/install.log --single-version-externally-managed
[0.976s] running egg_info
[0.976s] writing ../../build/webots_pkg/webots_pkg.egg-info/PKG-INFO
[0.977s] writing dependency_links to ../../build/webots_pkg/webots_pkg.egg-info/dependency_links.txt
[0.977s] writing entry points to ../../build/webots_pkg/webots_pkg.egg-info/entry_points.txt
[0.977s] writing requirements to ../../build/webots_pkg/webots_pkg.egg-info/requires.txt
[0.977s] writing top-level names to ../../build/webots_pkg/webots_pkg.egg-info/top_level.txt
[1.011s] reading manifest file '../../build/webots_pkg/webots_pkg.egg-info/SOURCES.txt'
[1.013s] writing manifest file '../../build/webots_pkg/webots_pkg.egg-info/SOURCES.txt'
[1.013s] running build
[1.013s] running build_py
[1.013s] running install
[1.014s] running install_lib
[1.016s] running install_data
[1.017s] copying worlds/swarm_apartment.wbt -> /home/luke/Haptics-Sim/install/webots_pkg/share/webots_pkg/worlds/
[1.017s] running install_egg_info
[1.019s] removing '/home/luke/Haptics-Sim/install/webots_pkg/lib/python3.8/site-packages/webots_pkg-0.0.0-py3.8.egg-info' (and everything under it)
[1.020s] Copying ../../build/webots_pkg/webots_pkg.egg-info to /home/luke/Haptics-Sim/install/webots_pkg/lib/python3.8/site-packages/webots_pkg-0.0.0-py3.8.egg-info
[1.021s] running install_scripts
[1.039s] Installing cf_supervisor script to /home/luke/Haptics-Sim/install/webots_pkg/lib/webots_pkg
[1.039s] Installing crazyflie_controller script to /home/luke/Haptics-Sim/install/webots_pkg/lib/webots_pkg
[1.039s] Installing potential_field script to /home/luke/Haptics-Sim/install/webots_pkg/lib/webots_pkg
[1.040s] Installing simple_mapper script to /home/luke/Haptics-Sim/install/webots_pkg/lib/webots_pkg
[1.040s] Installing webots_pkg_driver script to /home/luke/Haptics-Sim/install/webots_pkg/lib/webots_pkg
[1.040s] writing list of installed files to '/home/luke/Haptics-Sim/build/webots_pkg/install.log'
[1.065s] Invoked command in '/home/luke/Haptics-Sim/src/webots_pkg' returned '0': PYTHONPATH=/home/luke/Haptics-Sim/build/webots_pkg/prefix_override:/home/luke/Haptics-Sim/install/webots_pkg/lib/python3.8/site-packages:${PYTHONPATH} /usr/bin/python3 setup.py egg_info --egg-base ../../build/webots_pkg build --build-base /home/luke/Haptics-Sim/build/webots_pkg/build install --record /home/luke/Haptics-Sim/build/webots_pkg/install.log --single-version-externally-managed
